[debug] [2024-10-02T15:28:37.222Z] ----------------------------------------------------------------------
[debug] [2024-10-02T15:28:37.224Z] Command:       C:\Program Files\nodejs\node.exe C:\Users\jewel\AppData\Roaming\npm\node_modules\firebase-tools\lib\bin\firebase.js init
[debug] [2024-10-02T15:28:37.225Z] CLI Version:   13.15.2
[debug] [2024-10-02T15:28:37.225Z] Platform:      win32
[debug] [2024-10-02T15:28:37.225Z] Node Version:  v20.15.1
[debug] [2024-10-02T15:28:37.225Z] Time:          Wed Oct 02 2024 21:28:37 GMT+0600 (Bangladesh Standard Time)
[debug] [2024-10-02T15:28:37.225Z] ----------------------------------------------------------------------
[debug] 
[debug] [2024-10-02T15:28:37.232Z] > command requires scopes: ["email","openid","https://www.googleapis.com/auth/cloudplatformprojects.readonly","https://www.googleapis.com/auth/firebase","https://www.googleapis.com/auth/cloud-platform"]
[debug] [2024-10-02T15:28:37.233Z] > authorizing via signed-in user (darkworld3070@gmail.com)
[info] 
     ######## #### ########  ######## ########     ###     ######  ########
     ##        ##  ##     ## ##       ##     ##  ##   ##  ##       ##
     ######    ##  ########  ######   ########  #########  ######  ######
     ##        ##  ##    ##  ##       ##     ## ##     ##       ## ##
     ##       #### ##     ## ######## ########  ##     ##  ######  ########

You're about to initialize a Firebase project in this directory:

  C:\Users\jewel\OneDrive\Desktop\Softweb restaurent app\EatUp-FrontEnd

[info] 
=== Project Setup
[info] 
[info] First, let's associate this project directory with a Firebase project.
[info] You can create multiple project aliases by running firebase use --add, 
[info] but for now we'll just set up a default project.
[info] 
[debug] [2024-10-02T15:28:42.511Z] >>> [apiv2][query] GET https://firebase.googleapis.com/v1beta1/projects pageSize=100
[debug] [2024-10-02T15:28:43.392Z] <<< [apiv2][status] GET https://firebase.googleapis.com/v1beta1/projects 200
[debug] [2024-10-02T15:28:43.392Z] <<< [apiv2][body] GET https://firebase.googleapis.com/v1beta1/projects [omitted]
